G:\USERS\QZW\DOCUMENTS\VISUAL STUDIO 2010\PROJECTS\RAINBOWTABLE\DEBUG\GENTABLE.EXE
G:\Users\qzw\Documents\Visual Studio 2010\Projects\RainbowTable\Debug\GenTable.exe.manifest
G:\USERS\QZW\DOCUMENTS\VISUAL STUDIO 2010\PROJECTS\RAINBOWTABLE\DEBUG\GENTABLE.ILK
G:\USERS\QZW\DOCUMENTS\VISUAL STUDIO 2010\PROJECTS\RAINBOWTABLE\DEBUG\GENTABLE.PDB
G:\Users\qzw\Documents\Visual Studio 2010\Projects\RainbowTable\GenTable\Debug\cl.command.1.tlog
G:\Users\qzw\Documents\Visual Studio 2010\Projects\RainbowTable\GenTable\Debug\CL.read.1.tlog
G:\Users\qzw\Documents\Visual Studio 2010\Projects\RainbowTable\GenTable\Debug\CL.write.1.tlog
G:\USERS\QZW\DOCUMENTS\VISUAL STUDIO 2010\PROJECTS\RAINBOWTABLE\GENTABLE\DEBUG\GENTABLE.EXE.INTERMEDIATE.MANIFEST
G:\Users\qzw\Documents\Visual Studio 2010\Projects\RainbowTable\GenTable\Debug\GenTable.vcxprojResolveAssemblyReference.cache
G:\Users\qzw\Documents\Visual Studio 2010\Projects\RainbowTable\GenTable\Debug\GenTable.write.1.tlog
G:\Users\qzw\Documents\Visual Studio 2010\Projects\RainbowTable\GenTable\Debug\kernel.cu.cache
G:\Users\qzw\Documents\Visual Studio 2010\Projects\RainbowTable\GenTable\Debug\kernel.cu.obj
G:\Users\qzw\Documents\Visual Studio 2010\Projects\RainbowTable\GenTable\Debug\link.1200.read.1.tlog
G:\Users\qzw\Documents\Visual Studio 2010\Projects\RainbowTable\GenTable\Debug\link.1200.write.1.tlog
G:\Users\qzw\Documents\Visual Studio 2010\Projects\RainbowTable\GenTable\Debug\link.4720.read.1.tlog
G:\Users\qzw\Documents\Visual Studio 2010\Projects\RainbowTable\GenTable\Debug\link.4720.write.1.tlog
G:\Users\qzw\Documents\Visual Studio 2010\Projects\RainbowTable\GenTable\Debug\link.57752.read.1.tlog
G:\Users\qzw\Documents\Visual Studio 2010\Projects\RainbowTable\GenTable\Debug\link.57752.write.1.tlog
G:\Users\qzw\Documents\Visual Studio 2010\Projects\RainbowTable\GenTable\Debug\link.62116.read.1.tlog
G:\Users\qzw\Documents\Visual Studio 2010\Projects\RainbowTable\GenTable\Debug\link.62116.write.1.tlog
G:\Users\qzw\Documents\Visual Studio 2010\Projects\RainbowTable\GenTable\Debug\link.command.1.tlog
G:\Users\qzw\Documents\Visual Studio 2010\Projects\RainbowTable\GenTable\Debug\link.read.1.tlog
G:\Users\qzw\Documents\Visual Studio 2010\Projects\RainbowTable\GenTable\Debug\link.write.1.tlog
G:\Users\qzw\Documents\Visual Studio 2010\Projects\RainbowTable\GenTable\Debug\mt.command.1.tlog
G:\Users\qzw\Documents\Visual Studio 2010\Projects\RainbowTable\GenTable\Debug\mt.read.1.tlog
G:\Users\qzw\Documents\Visual Studio 2010\Projects\RainbowTable\GenTable\Debug\mt.write.1.tlog
G:\USERS\QZW\DOCUMENTS\VISUAL STUDIO 2010\PROJECTS\RAINBOWTABLE\GENTABLE\DEBUG\PUBLIC.OBJ
G:\Users\qzw\Documents\Visual Studio 2010\Projects\RainbowTable\GenTable\Debug\vc100.idb
G:\USERS\QZW\DOCUMENTS\VISUAL STUDIO 2010\PROJECTS\RAINBOWTABLE\GENTABLE\DEBUG\VC100.PDB
